<?xml version="1.0" encoding="utf-8"?><testsuites><testsuite name="pytest" errors="0" failures="0" skipped="0" tests="22" time="1.221" timestamp="2025-08-01T01:08:49.378488" hostname="usernoMacBook-Pro.local"><testcase classname="tests.test_auth_simple.TestAuthSimple" name="test_verify_password_correct" time="0.001" /><testcase classname="tests.test_auth_simple.TestAuthSimple" name="test_verify_password_incorrect" time="0.000" /><testcase classname="tests.test_auth_simple.TestAuthSimple" name="test_session_timeout_logic" time="0.000" /><testcase classname="tests.test_question_master.TestQuestionMaster" name="test_create_question_master_normal" time="0.107" /><testcase classname="tests.test_question_master.TestQuestionMaster" name="test_question_number_mapping" time="0.012" /><testcase classname="tests.test_question_master.TestQuestionMaster" name="test_empty_file_list" time="0.000" /><testcase classname="tests.test_question_master.TestQuestionMaster" name="test_file_without_question_sheet" time="0.002" /><testcase classname="tests.test_question_master.TestQuestionMaster" name="test_malformed_filename_handling" time="0.014" /><testcase classname="tests.test_question_master.TestQuestionMaster" name="test_question_order_preservation" time="0.010" /><testcase classname="tests.test_question_master.TestQuestionMaster" name="test_duplicate_question_handling" time="0.009" /><testcase classname="tests.test_question_master.TestQuestionMaster" name="test_non_q_prefix_exclusion" time="0.027" /><testcase classname="tests.test_aggregation.TestAggregation" name="test_aggregate_data_normal" time="0.023" /><testcase classname="tests.test_aggregation.TestAggregation" name="test_client_data_filtering" time="0.021" /><testcase classname="tests.test_aggregation.TestAggregation" name="test_question_text_to_number_conversion" time="0.022" /><testcase classname="tests.test_aggregation.TestAggregation" name="test_fa_column_inclusion" time="0.021" /><testcase classname="tests.test_aggregation.TestAggregation" name="test_date_sorting" time="0.021" /><testcase classname="tests.test_aggregation.TestAggregation" name="test_multiple_file_merge" time="0.022" /><testcase classname="tests.test_aggregation.TestAggregation" name="test_empty_data_files" time="0.013" /><testcase classname="tests.test_aggregation.TestAggregation" name="test_missing_data_sheet" time="0.013" /><testcase classname="tests.test_aggregation.TestAggregation" name="test_malformed_filename_handling" time="0.018" /><testcase classname="tests.test_aggregation.TestAggregation" name="test_base_file_determination" time="0.022" /><testcase classname="tests.test_aggregation.TestAggregation" name="test_client_without_matching_questions" time="0.019" /></testsuite></testsuites>